# JRE version: Java(TM) SE Runtime Environment (8.0_144-b01) (build 1.8.0_144-b01)
# Java VM: Java HotSpot(TM) 64-Bit Server VM (25.144-b01 mixed mode windows-amd64 compressed oops)
Heap:
 PSYoungGen      total 141824K, used 36107K [0x000000076b400000, 0x0000000774900000, 0x00000007c0000000)
  eden space 131072K, 27% used [0x000000076b400000,0x000000076d742d10,0x0000000773400000)
  from space 10752K, 0% used [0x0000000773e80000,0x0000000773e80000,0x0000000774900000)
  to   space 10752K, 0% used [0x0000000773400000,0x0000000773400000,0x0000000773e80000)
 ParOldGen       total 196096K, used 36353K [0x00000006c1c00000, 0x00000006cdb80000, 0x000000076b400000)
  object space 196096K, 18% used [0x00000006c1c00000,0x00000006c3f80590,0x00000006cdb80000)
 Metaspace       used 16163K, capacity 16503K, committed 16640K, reserved 1064960K
  class space    used 1630K, capacity 1769K, committed 1792K, reserved 1048576K
GC Heap History (6 events):
Event: 1.779 GC heap before
{Heap before GC invocations=1 (full 0):
 PSYoungGen      total 76288K, used 57553K [0x000000076b400000, 0x0000000770900000, 0x00000007c0000000)
  eden space 65536K, 87% used [0x000000076b400000,0x000000076ec34418,0x000000076f400000)
  from space 10752K, 0% used [0x000000076fe80000,0x000000076fe80000,0x0000000770900000)
  to   space 10752K, 0% used [0x000000076f400000,0x000000076f400000,0x000000076fe80000)
 ParOldGen       total 175104K, used 0K [0x00000006c1c00000, 0x00000006cc700000, 0x000000076b400000)
  object space 175104K, 0% used [0x00000006c1c00000,0x00000006c1c00000,0x00000006cc700000)
 Metaspace       used 12857K, capacity 13153K, committed 13440K, reserved 1060864K
  class space    used 1216K, capacity 1323K, committed 1408K, reserved 1048576K
Event: 1.803 GC heap after
Heap after GC invocations=1 (full 0):
 PSYoungGen      total 76288K, used 3926K [0x000000076b400000, 0x0000000774900000, 0x00000007c0000000)
  eden space 65536K, 0% used [0x000000076b400000,0x000000076b400000,0x000000076f400000)
  from space 10752K, 36% used [0x000000076f400000,0x000000076f7d59d8,0x000000076fe80000)
  to   space 10752K, 0% used [0x0000000773e80000,0x0000000773e80000,0x0000000774900000)
 ParOldGen       total 175104K, used 49168K [0x00000006c1c00000, 0x00000006cc700000, 0x000000076b400000)
  object space 175104K, 28% used [0x00000006c1c00000,0x00000006c4c04030,0x00000006cc700000)
 Metaspace       used 12857K, capacity 13153K, committed 13440K, reserved 1060864K
  class space    used 1216K, capacity 1323K, committed 1408K, reserved 1048576K
}
Event: 2.972 GC heap before
{Heap before GC invocations=2 (full 0):
 PSYoungGen      total 76288K, used 69462K [0x000000076b400000, 0x0000000774900000, 0x00000007c0000000)
  eden space 65536K, 100% used [0x000000076b400000,0x000000076f400000,0x000000076f400000)
  from space 10752K, 36% used [0x000000076f400000,0x000000076f7d59d8,0x000000076fe80000)
  to   space 10752K, 0% used [0x0000000773e80000,0x0000000773e80000,0x0000000774900000)
 ParOldGen       total 175104K, used 49168K [0x00000006c1c00000, 0x00000006cc700000, 0x000000076b400000)
  object space 175104K, 28% used [0x00000006c1c00000,0x00000006c4c04030,0x00000006cc700000)
 Metaspace       used 16064K, capacity 16401K, committed 16640K, reserved 1064960K
  class space    used 1612K, capacity 1760K, committed 1792K, reserved 1048576K
Event: 2.997 GC heap after
Heap after GC invocations=2 (full 0):
 PSYoungGen      total 141824K, used 3763K [0x000000076b400000, 0x0000000774900000, 0x00000007c0000000)
  eden space 131072K, 0% used [0x000000076b400000,0x000000076b400000,0x0000000773400000)
  from space 10752K, 35% used [0x0000000773e80000,0x000000077422cf80,0x0000000774900000)
  to   space 10752K, 0% used [0x0000000773400000,0x0000000773400000,0x0000000773e80000)
 ParOldGen       total 175104K, used 114712K [0x00000006c1c00000, 0x00000006cc700000, 0x000000076b400000)
  object space 175104K, 65% used [0x00000006c1c00000,0x00000006c8c06070,0x00000006cc700000)
 Metaspace       used 16064K, capacity 16401K, committed 16640K, reserved 1064960K
  class space    used 1612K, capacity 1760K, committed 1792K, reserved 1048576K
}
Event: 2.997 GC heap before
{Heap before GC invocations=3 (full 1):
 PSYoungGen      total 141824K, used 3763K [0x000000076b400000, 0x0000000774900000, 0x00000007c0000000)
  eden space 131072K, 0% used [0x000000076b400000,0x000000076b400000,0x0000000773400000)
  from space 10752K, 35% used [0x0000000773e80000,0x000000077422cf80,0x0000000774900000)
  to   space 10752K, 0% used [0x0000000773400000,0x0000000773400000,0x0000000773e80000)
 ParOldGen       total 175104K, used 114712K [0x00000006c1c00000, 0x00000006cc700000, 0x000000076b400000)
  object space 175104K, 65% used [0x00000006c1c00000,0x00000006c8c06070,0x00000006cc700000)
 Metaspace       used 16064K, capacity 16401K, committed 16640K, reserved 1064960K
  class space    used 1612K, capacity 1760K, committed 1792K, reserved 1048576K
Event: 3.028 GC heap after
Heap after GC invocations=3 (full 1):
 PSYoungGen      total 141824K, used 0K [0x000000076b400000, 0x0000000774900000, 0x00000007c0000000)
  eden space 131072K, 0% used [0x000000076b400000,0x000000076b400000,0x0000000773400000)
  from space 10752K, 0% used [0x0000000773e80000,0x0000000773e80000,0x0000000774900000)
  to   space 10752K, 0% used [0x0000000773400000,0x0000000773400000,0x0000000773e80000)
 ParOldGen       total 196096K, used 36353K [0x00000006c1c00000, 0x00000006cdb80000, 0x000000076b400000)
  object space 196096K, 18% used [0x00000006c1c00000,0x00000006c3f80590,0x00000006cdb80000)
 Metaspace       used 16064K, capacity 16401K, committed 16640K, reserved 1064960K
  class space    used 1612K, capacity 1760K, committed 1792K, reserved 1048576K
}

